\BOOKMARK [0][]{chapter.1}{\376\377\000I\000n\000t\000r\000o\000d\000u\000\347\000\343\000o}{}% 1
\BOOKMARK [1][]{section.1.1}{\376\377\000D\000e\000s\000c\000r\000i\000\347\000\343\000o\000\040\000d\000o\000\040\000P\000r\000o\000b\000l\000e\000m\000a}{chapter.1}% 2
\BOOKMARK [1][]{section.1.2}{\376\377\000J\000u\000s\000t\000i\000f\000i\000c\000a\000t\000i\000v\000a}{chapter.1}% 3
\BOOKMARK [1][]{section.1.3}{\376\377\000O\000b\000j\000e\000t\000i\000v\000o\000s}{chapter.1}% 4
\BOOKMARK [2][]{subsection.1.3.1}{\376\377\000O\000b\000j\000e\000t\000i\000v\000o\000\040\000G\000e\000r\000a\000l}{section.1.3}% 5
\BOOKMARK [2][]{subsection.1.3.2}{\376\377\000O\000b\000j\000e\000t\000i\000v\000o\000s\000\040\000E\000s\000p\000e\000c\000\355\000f\000i\000c\000o\000s}{section.1.3}% 6
\BOOKMARK [1][]{section.1.4}{\376\377\000E\000s\000t\000r\000u\000t\000u\000r\000a\000\040\000d\000o\000\040\000T\000r\000a\000b\000a\000l\000h\000o}{chapter.1}% 7
\BOOKMARK [0][]{chapter.2}{\376\377\000F\000u\000n\000d\000a\000m\000e\000n\000t\000a\000\347\000\343\000o\000\040\000T\000e\000\363\000r\000i\000c\000a}{}% 8
\BOOKMARK [1][]{section.2.1}{\376\377\000B\000i\000b\000l\000i\000o\000t\000e\000c\000a\000\040\000i\000t\000i\000l}{chapter.2}% 9
\BOOKMARK [2][]{subsection.2.1.1}{\376\377\000B\000e\000n\000e\000f\000\355\000c\000i\000o\000s\000\040\000d\000o\000\040\000i\000t\000i\000l}{section.2.1}% 10
\BOOKMARK [2][]{subsection.2.1.2}{\376\377\000G\000e\000r\000e\000n\000c\000i\000a\000m\000e\000n\000t\000o\000\040\000d\000e\000\040\000S\000e\000r\000v\000i\000\347\000o\000s}{section.2.1}% 11
\BOOKMARK [2][]{subsection.2.1.3}{\376\377\000G\000e\000r\000e\000n\000c\000i\000a\000m\000e\000n\000t\000o\000\040\000d\000e\000\040\000S\000e\000r\000v\000i\000\347\000o\000s\000\040\000d\000e\000\040\000t\000i}{section.2.1}% 12
\BOOKMARK [2][]{subsection.2.1.4}{\376\377\000C\000i\000c\000l\000o\000\040\000d\000e\000\040\000V\000i\000d\000a\000\040\000d\000e\000\040\000S\000e\000r\000v\000i\000\347\000o\000s}{section.2.1}% 13
\BOOKMARK [1][]{section.2.2}{\376\377\000E\000s\000p\000e\000c\000i\000f\000i\000c\000a\000\347\000\343\000o\000\040\000d\000e\000\040\000R\000e\000q\000u\000i\000s\000i\000t\000o\000\040\000d\000e\000\040\000S\000o\000f\000t\000w\000a\000r\000e}{chapter.2}% 14
\BOOKMARK [1][]{section.2.3}{\376\377\000M\000e\000t\000o\000d\000o\000l\000o\000g\000i\000a\000\040\000d\000e\000\040\000D\000e\000s\000e\000n\000v\000o\000l\000v\000i\000m\000e\000n\000t\000o\000\040\000\301\000g\000i\000l}{chapter.2}% 15
\BOOKMARK [2][]{subsection.2.3.1}{\376\377\000M\000a\000n\000i\000f\000e\000s\000t\000o\000\040\000\301\000g\000i\000l}{section.2.3}% 16
\BOOKMARK [2][]{subsection.2.3.2}{\376\377\000M\000e\000t\000o\000d\000o\000l\000o\000g\000i\000a\000\040\000S\000c\000r\000u\000m}{section.2.3}% 17
\BOOKMARK [0][]{chapter.3}{\376\377\000T\000r\000a\000b\000a\000l\000h\000o\000s\000\040\000R\000e\000l\000a\000c\000i\000o\000n\000a\000d\000o\000s}{}% 18
\BOOKMARK [1][]{section.3.1}{\376\377\000A\000p\000l\000i\000c\000a\000t\000i\000v\000o\000s}{chapter.3}% 19
\BOOKMARK [2][]{subsection.3.1.1}{\376\377\000A\000l\000\364\000\040\000P\000e\000q\000u\000i}{section.3.1}% 20
\BOOKMARK [2][]{subsection.3.1.2}{\376\377\000C\000o\000l\000a\000b}{section.3.1}% 21
\BOOKMARK [2][]{subsection.3.1.3}{\376\377\000V\000i\000g\000i\000l\000a\000n\000t\000e\000\040\000A\000p\000p}{section.3.1}% 22
\BOOKMARK [1][]{section.3.2}{\376\377\000U\000t\000i\000l\000i\000z\000a\000\347\000\343\000o\000\040\000d\000e\000\040\000p\000r\000\341\000t\000i\000c\000a\000\040\000d\000e\000\040\000i\000t\000s\000m}{chapter.3}% 23
\BOOKMARK [1][]{section.3.3}{\376\377\000D\000e\000f\000i\000n\000i\000\347\000\343\000o\000\040\000d\000e\000\040\000r\000e\000q\000u\000i\000s\000i\000t\000o\000s\000\040\000p\000a\000r\000a\000\040\000u\000m\000\040\000s\000i\000s\000t\000e\000m\000a\000\040\000d\000e\000\040\000G\000e\000r\000e\000n\000c\000i\000a\000m\000e\000n\000t\000o\000\040\000d\000e\000\040\000I\000n\000c\000i\000d\000e\000n\000t\000e\000s\000:\000\040\000U\000m\000\040\000e\000s\000t\000u\000d\000o\000\040\000d\000e\000\040\000C\000a\000s\000o}{chapter.3}% 24
\BOOKMARK [1][]{section.3.4}{\376\377\000t\000i\000\040\000e\000\040\000d\000e\000s\000e\000m\000p\000e\000n\000h\000o\000\040\000d\000o\000\040\000g\000e\000r\000e\000n\000c\000i\000a\000m\000e\000n\000t\000o\000\040\000d\000e\000\040\000p\000r\000o\000c\000e\000s\000s\000o\000s\000\040\000d\000e\000\040\000n\000e\000g\000\363\000c\000i\000o\000s\000:\000\040\000E\000s\000t\000u\000d\000o\000\040\000d\000e\000\040\000c\000a\000s\000o\000\040\000d\000a\000\040\000i\000m\000p\000l\000e\000m\000e\000n\000t\000a\000\347\000\343\000o\000\040\000d\000o\000\040\000i\000t\000i\000l\000\040\000n\000a\000\040\000i\000n\000d\000\372\000s\000t\000r\000i\000a\000\040\000d\000e\000\040\000s\000e\000r\000v\000i\000\347\000o\000s\000\040\000d\000e\000\040\000f\000i\000n\000a\000n\000\347\000a\000s}{chapter.3}% 25
\BOOKMARK [0][]{chapter.4}{\376\377\000M\000e\000t\000o\000d\000o\000l\000o\000g\000i\000a}{}% 26
\BOOKMARK [1][]{section.4.1}{\376\377\000D\000e\000s\000e\000n\000v\000o\000l\000v\000i\000m\000e\000n\000t\000o\000\040\000d\000o\000\040\000S\000i\000s\000t\000e\000m\000a}{chapter.4}% 27
\BOOKMARK [1][]{section.4.2}{\376\377\000A\000m\000b\000i\000e\000n\000t\000e\000\040\000C\000o\000m\000p\000u\000t\000a\000c\000i\000o\000n\000a\000l}{chapter.4}% 28
\BOOKMARK [1][]{section.4.3}{\376\377\000M\000\351\000t\000o\000d\000o\000s}{chapter.4}% 29
\BOOKMARK [1][]{section.4.4}{\376\377\000D\000i\000a\000g\000r\000a\000m\000a\000s\000\040\000u\000m\000l}{chapter.4}% 30
\BOOKMARK [1][]{section.4.5}{\376\377\000F\000e\000r\000r\000a\000m\000e\000n\000t\000a\000s\000\040\000e\000\040\000M\000a\000t\000e\000r\000i\000a\000i\000s}{chapter.4}% 31
\BOOKMARK [0][]{chapter.5}{\376\377\000R\000e\000s\000u\000l\000t\000a\000d\000o\000s}{}% 32
\BOOKMARK [1][]{section.5.1}{\376\377\000A\000c\000o\000r\000d\000o\000\040\000d\000e\000\040\000N\000\355\000v\000e\000l\000\040\000d\000e\000\040\000S\000e\000r\000v\000i\000\347\000o\000\040\000\050\000S\000L\000A\000\051}{chapter.5}% 33
\BOOKMARK [1][]{section.5.2}{\376\377\000O\000\040\000S\000o\000f\000t\000w\000a\000r\000e}{chapter.5}% 34
\BOOKMARK [1][]{section.5.3}{\376\377\000R\000e\000s\000u\000l\000t\000a\000d\000o\000\040\000d\000o\000s\000\040\000T\000e\000s\000t\000e\000s\000\040\000R\000e\000a\000l\000i\000z\000a\000d\000o\000s}{chapter.5}% 35
\BOOKMARK [1][]{section.5.4}{\376\377\000F\000e\000r\000r\000a\000m\000e\000n\000t\000a\000s\000\040\000d\000e\000\040\000M\000o\000n\000i\000t\000o\000r\000a\000m\000e\000n\000t\000o}{chapter.5}% 36
\BOOKMARK [0][]{chapter.6}{\376\377\000C\000o\000n\000c\000l\000u\000s\000\343\000o\000\040\000e\000\040\000T\000r\000a\000b\000a\000l\000h\000o\000s\000\040\000F\000u\000t\000u\000r\000o\000s}{}% 37
\BOOKMARK [1][]{section.6.1}{\376\377\000S\000u\000g\000e\000s\000t\000\365\000e\000s\000\040\000p\000a\000r\000a\000\040\000T\000r\000a\000b\000a\000l\000h\000o\000s\000\040\000F\000u\000t\000u\000r\000o\000s}{chapter.6}% 38
\BOOKMARK [0][]{chapter.7}{\376\377\000A\000p\000\352\000n\000d\000i\000c\000e}{}% 39
\BOOKMARK [0][]{chapter.8}{\376\377\000A\000n\000e\000x\000o\000s}{}% 40
